[ 2011-08-28T08:18:26+08:00 ] SQL: SHOW COLUMNS FROM `think_category` [ RunTime:0.009160s ]
[ 2011-08-28T08:18:26+08:00 ] SQL: SELECT * FROM `think_category` [ RunTime:0.001360s ]
[ 2011-08-28T08:18:26+08:00 ] SQL: SHOW COLUMNS FROM `think_blog` [ RunTime:0.008538s ]
[ 2011-08-28T08:18:26+08:00 ] SQL: SHOW COLUMNS FROM `think_comment` [ RunTime:0.009638s ]
[ 2011-08-28T08:18:26+08:00 ] SQL: SELECT * FROM `think_blog` WHERE status=1 ORDER BY cTime desc LIMIT 10  [ RunTime:0.000962s ]
[ 2011-08-28T08:18:26+08:00 ] SQL: SELECT * FROM `think_comment` WHERE status=1 ORDER BY id desc LIMIT 8  [ RunTime:0.000938s ]
[ 2011-08-28T08:18:26+08:00 ] SQL: SHOW COLUMNS FROM `think_tag` [ RunTime:0.008106s ]
[ 2011-08-28T08:18:26+08:00 ] SQL: SELECT id,name,count FROM `think_tag` WHERE module='Blog' ORDER BY count desc LIMIT 0,25  [ RunTime:0.000944s ]
[ 2011-08-28T08:18:26+08:00 ] SQL: SHOW COLUMNS FROM `think_blog` [ RunTime:0.011397s ]
[ 2011-08-28T08:18:26+08:00 ] SQL: SELECT MAX(cTime) AS tp_max FROM `think_blog` LIMIT 1  [ RunTime:0.000764s ]
[ 2011-08-28T08:18:26+08:00 ] SQL: SHOW COLUMNS FROM `think_blog` [ RunTime:0.008342s ]
[ 2011-08-28T08:18:26+08:00 ] SQL: SHOW COLUMNS FROM `think_category` [ RunTime:0.009050s ]
[ 2011-08-28T08:18:26+08:00 ] SQL: SELECT COUNT(*) AS tp_count FROM think_blog Blog  JOIN think_category Category ON Blog.categoryId=Category.id WHERE status=1 LIMIT 1  [ RunTime:0.000417s ]
[ 2011-08-28T08:18:26+08:00 ] SQL: SELECT Blog.id AS id,Blog.name AS name,Blog.title AS title,Blog.cTime AS cTime,Blog.categoryId AS categoryId,Blog.content AS content,Blog.readCount AS readCount,Blog.tags AS tags,Blog.commentCount AS commentCount,Blog.status AS status,Category.title AS category FROM think_blog Blog  JOIN think_category Category ON Blog.categoryId=Category.id ORDER BY Blog.cTime desc LIMIT 0,8  [ RunTime:0.000857s ]
[ 2011-08-28T08:18:26+08:00 ] SQL: SELECT MIN(cTime) AS tp_min FROM `think_blog` LIMIT 1  [ RunTime:0.000543s ]
[ 2011-08-28T08:18:26+08:00 ] SQL: SELECT COUNT(*) AS tp_count FROM `think_blog` WHERE status=1 LIMIT 1  [ RunTime:0.001265s ]
[ 2011-08-28T08:18:26+08:00 ] SQL: SELECT SUM(readCount) AS tp_sum FROM `think_blog` WHERE status=1 LIMIT 1  [ RunTime:0.001157s ]
[ 2011-08-28T08:18:26+08:00 ] SQL: SELECT SUM(commentCount) AS tp_sum FROM `think_blog` WHERE status=1 LIMIT 1  [ RunTime:0.002036s ]
[ 2011-08-28T08:18:26+08:00 ] SQL: SHOW COLUMNS FROM `think_blog` [ RunTime:0.009680s ]
[ 2011-08-28T08:18:26+08:00 ] SQL: SELECT COUNT(*) AS tp_count FROM `think_blog` WHERE categoryId='1' LIMIT 1  [ RunTime:0.000599s ]
[ 2011-08-28T08:18:26+08:00 ] SQL: SELECT COUNT(*) AS tp_count FROM `think_blog` WHERE categoryId='2' LIMIT 1  [ RunTime:0.000590s ]
[ 2011-08-28T08:18:26+08:00 ] SQL: SELECT COUNT(*) AS tp_count FROM `think_blog` WHERE categoryId='3' LIMIT 1  [ RunTime:0.000511s ]
[ 2011-08-28T16:19:41+08:00 ] ERR: (ThinkException) Access denied for user 'admin'@'localhost' (using password: YES)
[ 2011-08-28T16:20:07+08:00 ] ERR: (ThinkException) Access denied for user ''@'localhost' to database 'demo'
[ 2011-08-28T16:20:10+08:00 ] ERR: (ThinkException) Access denied for user ''@'localhost' to database 'demo'
[ 2011-08-28T16:20:26+08:00 ] SQL: SHOW COLUMNS FROM `think_category` [ RunTime:0.029824s ]
[ 2011-08-28T16:20:26+08:00 ] SQL: SELECT * FROM `think_category` [ RunTime:0.000932s ]
[ 2011-08-28T16:20:26+08:00 ] SQL: SHOW COLUMNS FROM `think_blog` [ RunTime:0.016035s ]
[ 2011-08-28T16:20:26+08:00 ] SQL: SHOW COLUMNS FROM `think_comment` [ RunTime:0.016310s ]
[ 2011-08-28T16:20:26+08:00 ] SQL: SELECT * FROM `think_blog` WHERE status=1 ORDER BY cTime desc LIMIT 10  [ RunTime:0.019575s ]
[ 2011-08-28T16:20:26+08:00 ] SQL: SELECT * FROM `think_comment` WHERE status=1 ORDER BY id desc LIMIT 8  [ RunTime:0.011297s ]
[ 2011-08-28T16:20:26+08:00 ] SQL: SHOW COLUMNS FROM `think_tag` [ RunTime:0.018691s ]
[ 2011-08-28T16:20:26+08:00 ] SQL: SELECT id,name,count FROM `think_tag` WHERE module='Blog' ORDER BY count desc LIMIT 0,25  [ RunTime:0.056129s ]
[ 2011-08-28T16:20:26+08:00 ] SQL: SHOW COLUMNS FROM `think_blog` [ RunTime:0.014344s ]
[ 2011-08-28T16:20:26+08:00 ] SQL: SELECT MAX(cTime) AS tp_max FROM `think_blog` LIMIT 1  [ RunTime:0.008680s ]
[ 2011-08-28T16:20:27+08:00 ] SQL: SHOW COLUMNS FROM `think_blog` [ RunTime:0.014412s ]
[ 2011-08-28T16:20:27+08:00 ] SQL: SHOW COLUMNS FROM `think_category` [ RunTime:0.017349s ]
[ 2011-08-28T16:20:27+08:00 ] SQL: SELECT COUNT(*) AS tp_count FROM think_blog Blog  JOIN think_category Category ON Blog.categoryId=Category.id WHERE status=1 LIMIT 1  [ RunTime:0.015648s ]
[ 2011-08-28T16:20:27+08:00 ] SQL: SELECT Blog.id AS id,Blog.name AS name,Blog.title AS title,Blog.cTime AS cTime,Blog.categoryId AS categoryId,Blog.content AS content,Blog.readCount AS readCount,Blog.tags AS tags,Blog.commentCount AS commentCount,Blog.status AS status,Category.title AS category FROM think_blog Blog  JOIN think_category Category ON Blog.categoryId=Category.id ORDER BY Blog.cTime desc LIMIT 0,8  [ RunTime:0.015354s ]
[ 2011-08-28T16:20:27+08:00 ] SQL: SELECT MIN(cTime) AS tp_min FROM `think_blog` LIMIT 1  [ RunTime:0.007547s ]
[ 2011-08-28T16:20:27+08:00 ] SQL: SELECT COUNT(*) AS tp_count FROM `think_blog` WHERE status=1 LIMIT 1  [ RunTime:0.001343s ]
[ 2011-08-28T16:20:27+08:00 ] SQL: SELECT SUM(readCount) AS tp_sum FROM `think_blog` WHERE status=1 LIMIT 1  [ RunTime:0.000947s ]
[ 2011-08-28T16:20:27+08:00 ] SQL: SELECT SUM(commentCount) AS tp_sum FROM `think_blog` WHERE status=1 LIMIT 1  [ RunTime:0.001183s ]
[ 2011-08-28T16:20:27+08:00 ] SQL: SHOW COLUMNS FROM `think_blog` [ RunTime:0.016374s ]
[ 2011-08-28T16:20:27+08:00 ] SQL: SELECT COUNT(*) AS tp_count FROM `think_blog` WHERE categoryId='1' LIMIT 1  [ RunTime:0.001887s ]
[ 2011-08-28T16:20:27+08:00 ] SQL: SELECT COUNT(*) AS tp_count FROM `think_blog` WHERE categoryId='2' LIMIT 1  [ RunTime:0.000920s ]
[ 2011-08-28T16:20:27+08:00 ] SQL: SELECT COUNT(*) AS tp_count FROM `think_blog` WHERE categoryId='3' LIMIT 1  [ RunTime:0.001404s ]
[ 2011-08-28T16:21:33+08:00 ] SQL: SHOW COLUMNS FROM `think_category` [ RunTime:0.011799s ]
[ 2011-08-28T16:21:33+08:00 ] SQL: SELECT * FROM `think_category` [ RunTime:0.001177s ]
[ 2011-08-28T16:21:34+08:00 ] SQL: SHOW COLUMNS FROM `think_category` [ RunTime:0.014587s ]
[ 2011-08-28T16:21:34+08:00 ] SQL: SELECT * FROM `think_category` [ RunTime:0.002788s ]
[ 2011-08-28T16:21:34+08:00 ] SQL: SHOW COLUMNS FROM `think_blog` [ RunTime:0.020202s ]
[ 2011-08-28T16:21:34+08:00 ] SQL: SHOW COLUMNS FROM `think_comment` [ RunTime:0.015537s ]
[ 2011-08-28T16:21:34+08:00 ] SQL: SELECT * FROM `think_blog` WHERE status=1 ORDER BY cTime desc LIMIT 10  [ RunTime:0.001502s ]
[ 2011-08-28T16:21:34+08:00 ] SQL: SELECT * FROM `think_comment` WHERE status=1 ORDER BY id desc LIMIT 8  [ RunTime:0.002236s ]
[ 2011-08-28T16:21:34+08:00 ] SQL: SHOW COLUMNS FROM `think_tag` [ RunTime:0.013679s ]
[ 2011-08-28T16:21:34+08:00 ] SQL: SELECT id,name,count FROM `think_tag` WHERE module='Blog' ORDER BY count desc LIMIT 0,25  [ RunTime:0.001727s ]
[ 2011-08-28T17:30:01+08:00 ] SQL: SHOW COLUMNS FROM `think_category` [ RunTime:0.265771s ]
[ 2011-08-28T17:30:01+08:00 ] SQL: SELECT * FROM `think_category` [ RunTime:0.001074s ]
[ 2011-08-28T17:30:01+08:00 ] SQL: SHOW COLUMNS FROM `think_blog` [ RunTime:0.086208s ]
[ 2011-08-28T17:30:01+08:00 ] SQL: SHOW COLUMNS FROM `think_comment` [ RunTime:0.027374s ]
[ 2011-08-28T17:30:01+08:00 ] SQL: SELECT * FROM `think_blog` WHERE status=1 ORDER BY cTime desc LIMIT 10  [ RunTime:0.105087s ]
[ 2011-08-28T17:30:02+08:00 ] SQL: SELECT * FROM `think_comment` WHERE status=1 ORDER BY id desc LIMIT 8  [ RunTime:0.016987s ]
[ 2011-08-28T17:30:02+08:00 ] SQL: SHOW COLUMNS FROM `think_tag` [ RunTime:0.032490s ]
[ 2011-08-28T17:30:02+08:00 ] SQL: SELECT id,name,count FROM `think_tag` WHERE module='Blog' ORDER BY count desc LIMIT 0,25  [ RunTime:0.019353s ]
[ 2011-08-28T17:30:02+08:00 ] SQL: SHOW COLUMNS FROM `think_blog` [ RunTime:0.009095s ]
[ 2011-08-28T17:30:02+08:00 ] SQL: SHOW COLUMNS FROM `think_category` [ RunTime:0.007918s ]
[ 2011-08-28T17:30:02+08:00 ] SQL: SELECT COUNT(*) AS tp_count FROM think_blog Blog  JOIN think_category Category ON Blog.categoryId=Category.id WHERE status=1 LIMIT 1  [ RunTime:0.076680s ]
[ 2011-08-28T17:30:02+08:00 ] SQL: SELECT Blog.id AS id,Blog.name AS name,Blog.title AS title,Blog.cTime AS cTime,Blog.categoryId AS categoryId,Blog.content AS content,Blog.readCount AS readCount,Blog.tags AS tags,Blog.commentCount AS commentCount,Blog.status AS status,Category.title AS category FROM think_blog Blog  JOIN think_category Category ON Blog.categoryId=Category.id ORDER BY Blog.cTime desc LIMIT 0,8  [ RunTime:0.016205s ]
[ 2011-08-28T17:30:02+08:00 ] SQL: SHOW COLUMNS FROM `think_blog` [ RunTime:0.008276s ]
[ 2011-08-28T17:30:02+08:00 ] SQL: SELECT MIN(cTime) AS tp_min FROM `think_blog` LIMIT 1  [ RunTime:0.002104s ]
[ 2011-08-28T17:30:02+08:00 ] SQL: SELECT COUNT(*) AS tp_count FROM `think_blog` WHERE status=1 LIMIT 1  [ RunTime:0.002553s ]
[ 2011-08-28T17:30:02+08:00 ] SQL: SELECT SUM(readCount) AS tp_sum FROM `think_blog` WHERE status=1 LIMIT 1  [ RunTime:0.002607s ]
[ 2011-08-28T17:30:02+08:00 ] SQL: SELECT SUM(commentCount) AS tp_sum FROM `think_blog` WHERE status=1 LIMIT 1  [ RunTime:0.001603s ]
[ 2011-08-28T17:30:02+08:00 ] SQL: SHOW COLUMNS FROM `think_blog` [ RunTime:0.015329s ]
[ 2011-08-28T17:30:02+08:00 ] SQL: SELECT COUNT(*) AS tp_count FROM `think_blog` WHERE categoryId='1' LIMIT 1  [ RunTime:0.004628s ]
[ 2011-08-28T17:30:02+08:00 ] SQL: SELECT COUNT(*) AS tp_count FROM `think_blog` WHERE categoryId='2' LIMIT 1  [ RunTime:0.002343s ]
[ 2011-08-28T17:30:02+08:00 ] SQL: SELECT COUNT(*) AS tp_count FROM `think_blog` WHERE categoryId='3' LIMIT 1  [ RunTime:0.002522s ]
[ 2011-08-28T17:31:00+08:00 ] SQL: SHOW COLUMNS FROM `think_category` [ RunTime:0.010314s ]
[ 2011-08-28T17:31:00+08:00 ] SQL: SELECT * FROM `think_category` [ RunTime:0.000798s ]
[ 2011-08-28T17:31:00+08:00 ] SQL: SHOW COLUMNS FROM `think_blog` [ RunTime:0.008606s ]
[ 2011-08-28T17:31:00+08:00 ] SQL: SHOW COLUMNS FROM `think_comment` [ RunTime:0.019557s ]
[ 2011-08-28T17:31:00+08:00 ] SQL: SELECT * FROM `think_blog` WHERE status=1 ORDER BY cTime desc LIMIT 10  [ RunTime:0.001146s ]
[ 2011-08-28T17:31:00+08:00 ] SQL: SELECT * FROM `think_comment` WHERE status=1 ORDER BY id desc LIMIT 8  [ RunTime:0.002539s ]
[ 2011-08-28T17:31:00+08:00 ] SQL: SHOW COLUMNS FROM `think_tag` [ RunTime:0.011571s ]
[ 2011-08-28T17:31:00+08:00 ] SQL: SELECT id,name,count FROM `think_tag` WHERE module='Blog' ORDER BY count desc LIMIT 0,25  [ RunTime:0.001084s ]
[ 2011-08-28T17:31:00+08:00 ] SQL: SHOW COLUMNS FROM `think_blog` [ RunTime:0.008784s ]
[ 2011-08-28T17:31:00+08:00 ] SQL: SHOW COLUMNS FROM `think_category` [ RunTime:0.010833s ]
[ 2011-08-28T17:31:00+08:00 ] SQL: SELECT COUNT(*) AS tp_count FROM think_blog Blog  JOIN think_category Category ON Blog.categoryId=Category.id WHERE status=1 LIMIT 1  [ RunTime:0.000649s ]
[ 2011-08-28T17:31:00+08:00 ] SQL: SELECT Blog.id AS id,Blog.name AS name,Blog.title AS title,Blog.cTime AS cTime,Blog.categoryId AS categoryId,Blog.content AS content,Blog.readCount AS readCount,Blog.tags AS tags,Blog.commentCount AS commentCount,Blog.status AS status,Category.title AS category FROM think_blog Blog  JOIN think_category Category ON Blog.categoryId=Category.id ORDER BY Blog.cTime desc LIMIT 0,8  [ RunTime:0.000944s ]
[ 2011-08-28T17:31:00+08:00 ] SQL: SHOW COLUMNS FROM `think_blog` [ RunTime:0.010333s ]
[ 2011-08-28T17:31:00+08:00 ] SQL: SELECT MIN(cTime) AS tp_min FROM `think_blog` LIMIT 1  [ RunTime:0.000578s ]
[ 2011-08-28T17:31:00+08:00 ] SQL: SELECT COUNT(*) AS tp_count FROM `think_blog` WHERE status=1 LIMIT 1  [ RunTime:0.000577s ]
[ 2011-08-28T17:31:00+08:00 ] SQL: SELECT SUM(readCount) AS tp_sum FROM `think_blog` WHERE status=1 LIMIT 1  [ RunTime:0.000918s ]
[ 2011-08-28T17:31:00+08:00 ] SQL: SELECT SUM(commentCount) AS tp_sum FROM `think_blog` WHERE status=1 LIMIT 1  [ RunTime:0.000607s ]
[ 2011-08-28T17:31:00+08:00 ] SQL: SHOW COLUMNS FROM `think_blog` [ RunTime:0.009821s ]
[ 2011-08-28T17:31:00+08:00 ] SQL: SELECT COUNT(*) AS tp_count FROM `think_blog` WHERE categoryId='1' LIMIT 1  [ RunTime:0.000644s ]
[ 2011-08-28T17:31:00+08:00 ] SQL: SELECT COUNT(*) AS tp_count FROM `think_blog` WHERE categoryId='2' LIMIT 1  [ RunTime:0.000587s ]
[ 2011-08-28T17:31:00+08:00 ] SQL: SELECT COUNT(*) AS tp_count FROM `think_blog` WHERE categoryId='3' LIMIT 1  [ RunTime:0.000579s ]
[ 2011-08-28T17:31:02+08:00 ] SQL: SHOW COLUMNS FROM `think_category` [ RunTime:0.016281s ]
[ 2011-08-28T17:31:02+08:00 ] SQL: SELECT * FROM `think_category` [ RunTime:0.001409s ]
[ 2011-08-28T17:31:02+08:00 ] SQL: SHOW COLUMNS FROM `think_blog` [ RunTime:0.011873s ]
[ 2011-08-28T17:31:02+08:00 ] SQL: SHOW COLUMNS FROM `think_comment` [ RunTime:0.010884s ]
[ 2011-08-28T17:31:02+08:00 ] SQL: SELECT * FROM `think_blog` WHERE status=1 ORDER BY cTime desc LIMIT 10  [ RunTime:0.001611s ]
[ 2011-08-28T17:31:02+08:00 ] SQL: SELECT * FROM `think_comment` WHERE status=1 ORDER BY id desc LIMIT 8  [ RunTime:0.002158s ]
[ 2011-08-28T17:31:02+08:00 ] SQL: SHOW COLUMNS FROM `think_tag` [ RunTime:0.012274s ]
[ 2011-08-28T17:31:02+08:00 ] SQL: SELECT id,name,count FROM `think_tag` WHERE module='Blog' ORDER BY count desc LIMIT 0,25  [ RunTime:0.001730s ]
[ 2011-08-28T17:31:02+08:00 ] SQL: SHOW COLUMNS FROM `think_blog` [ RunTime:0.012274s ]
[ 2011-08-28T17:31:02+08:00 ] SQL: SHOW COLUMNS FROM `think_category` [ RunTime:0.010915s ]
[ 2011-08-28T17:31:02+08:00 ] SQL: SELECT COUNT(*) AS tp_count FROM think_blog Blog  JOIN think_category Category ON Blog.categoryId=Category.id WHERE status=1 LIMIT 1  [ RunTime:0.001251s ]
[ 2011-08-28T17:31:02+08:00 ] SQL: SELECT Blog.id AS id,Blog.name AS name,Blog.title AS title,Blog.cTime AS cTime,Blog.categoryId AS categoryId,Blog.content AS content,Blog.readCount AS readCount,Blog.tags AS tags,Blog.commentCount AS commentCount,Blog.status AS status,Category.title AS category FROM think_blog Blog  JOIN think_category Category ON Blog.categoryId=Category.id ORDER BY Blog.cTime desc LIMIT 0,45  [ RunTime:0.001678s ]
[ 2011-08-28T17:31:02+08:00 ] SQL: SHOW COLUMNS FROM `think_blog` [ RunTime:0.013266s ]
[ 2011-08-28T17:31:02+08:00 ] SQL: SELECT MIN(cTime) AS tp_min FROM `think_blog` LIMIT 1  [ RunTime:0.001692s ]
[ 2011-08-28T17:31:02+08:00 ] SQL: SELECT COUNT(*) AS tp_count FROM `think_blog` WHERE status=1 LIMIT 1  [ RunTime:0.001419s ]
[ 2011-08-28T17:31:02+08:00 ] SQL: SELECT SUM(readCount) AS tp_sum FROM `think_blog` WHERE status=1 LIMIT 1  [ RunTime:0.001258s ]
[ 2011-08-28T17:31:02+08:00 ] SQL: SELECT SUM(commentCount) AS tp_sum FROM `think_blog` WHERE status=1 LIMIT 1  [ RunTime:0.001277s ]
[ 2011-08-28T17:31:02+08:00 ] SQL: SHOW COLUMNS FROM `think_blog` [ RunTime:0.013308s ]
[ 2011-08-28T17:31:02+08:00 ] SQL: SELECT COUNT(*) AS tp_count FROM `think_blog` WHERE categoryId='1' LIMIT 1  [ RunTime:0.000995s ]
[ 2011-08-28T17:31:02+08:00 ] SQL: SELECT COUNT(*) AS tp_count FROM `think_blog` WHERE categoryId='2' LIMIT 1  [ RunTime:0.000919s ]
[ 2011-08-28T17:31:02+08:00 ] SQL: SELECT COUNT(*) AS tp_count FROM `think_blog` WHERE categoryId='3' LIMIT 1  [ RunTime:0.000937s ]
[ 2011-08-28T17:31:10+08:00 ] SQL: SHOW COLUMNS FROM `think_category` [ RunTime:0.013867s ]
[ 2011-08-28T17:31:10+08:00 ] SQL: SELECT * FROM `think_category` [ RunTime:0.001063s ]
[ 2011-08-28T17:31:10+08:00 ] SQL: SHOW COLUMNS FROM `think_blog` [ RunTime:0.013858s ]
[ 2011-08-28T17:31:10+08:00 ] SQL: SHOW COLUMNS FROM `think_comment` [ RunTime:0.015838s ]
[ 2011-08-28T17:31:10+08:00 ] SQL: SELECT * FROM `think_blog` WHERE status=1 ORDER BY cTime desc LIMIT 10  [ RunTime:0.001936s ]
[ 2011-08-28T17:31:10+08:00 ] SQL: SELECT * FROM `think_comment` WHERE status=1 ORDER BY id desc LIMIT 8  [ RunTime:0.002279s ]
[ 2011-08-28T17:31:10+08:00 ] SQL: SHOW COLUMNS FROM `think_tag` [ RunTime:0.010837s ]
[ 2011-08-28T17:31:10+08:00 ] SQL: SELECT id,name,count FROM `think_tag` WHERE module='Blog' ORDER BY count desc LIMIT 0,25  [ RunTime:0.001197s ]
[ 2011-08-28T17:31:10+08:00 ] SQL: SHOW COLUMNS FROM `think_blog` [ RunTime:0.014009s ]
[ 2011-08-28T17:31:10+08:00 ] SQL: SHOW COLUMNS FROM `think_category` [ RunTime:0.014854s ]
[ 2011-08-28T17:31:10+08:00 ] SQL: SELECT COUNT(*) AS tp_count FROM think_blog Blog  JOIN think_category Category ON Blog.categoryId=Category.id WHERE status=1 LIMIT 1  [ RunTime:0.001199s ]
[ 2011-08-28T17:31:10+08:00 ] SQL: SELECT Blog.id AS id,Blog.name AS name,Blog.title AS title,Blog.cTime AS cTime,Blog.categoryId AS categoryId,Blog.content AS content,Blog.readCount AS readCount,Blog.tags AS tags,Blog.commentCount AS commentCount,Blog.status AS status,Category.title AS category FROM think_blog Blog  JOIN think_category Category ON Blog.categoryId=Category.id ORDER BY Blog.cTime desc LIMIT 0,8  [ RunTime:0.002016s ]
[ 2011-08-28T17:31:10+08:00 ] SQL: SHOW COLUMNS FROM `think_blog` [ RunTime:0.018217s ]
[ 2011-08-28T17:31:10+08:00 ] SQL: SELECT MIN(cTime) AS tp_min FROM `think_blog` LIMIT 1  [ RunTime:0.001635s ]
[ 2011-08-28T17:31:10+08:00 ] SQL: SELECT COUNT(*) AS tp_count FROM `think_blog` WHERE status=1 LIMIT 1  [ RunTime:0.001814s ]
[ 2011-08-28T17:31:10+08:00 ] SQL: SELECT SUM(readCount) AS tp_sum FROM `think_blog` WHERE status=1 LIMIT 1  [ RunTime:0.001679s ]
[ 2011-08-28T17:31:10+08:00 ] SQL: SELECT SUM(commentCount) AS tp_sum FROM `think_blog` WHERE status=1 LIMIT 1  [ RunTime:0.001592s ]
[ 2011-08-28T17:31:10+08:00 ] SQL: SHOW COLUMNS FROM `think_blog` [ RunTime:0.014542s ]
[ 2011-08-28T17:31:10+08:00 ] SQL: SELECT COUNT(*) AS tp_count FROM `think_blog` WHERE categoryId='1' LIMIT 1  [ RunTime:0.003178s ]
[ 2011-08-28T17:31:10+08:00 ] SQL: SELECT COUNT(*) AS tp_count FROM `think_blog` WHERE categoryId='2' LIMIT 1  [ RunTime:0.002044s ]
[ 2011-08-28T17:31:10+08:00 ] SQL: SELECT COUNT(*) AS tp_count FROM `think_blog` WHERE categoryId='3' LIMIT 1  [ RunTime:0.001720s ]
[ 2011-08-28T17:31:15+08:00 ] SQL: SHOW COLUMNS FROM `think_category` [ RunTime:0.012269s ]
[ 2011-08-28T17:31:15+08:00 ] SQL: SELECT * FROM `think_category` [ RunTime:0.002323s ]
[ 2011-08-28T17:31:15+08:00 ] SQL: SHOW COLUMNS FROM `think_blog` [ RunTime:0.017704s ]
[ 2011-08-28T17:31:15+08:00 ] SQL: SHOW COLUMNS FROM `think_comment` [ RunTime:0.015635s ]
[ 2011-08-28T17:31:15+08:00 ] SQL: SELECT * FROM `think_blog` WHERE status=1 ORDER BY cTime desc LIMIT 10  [ RunTime:0.002891s ]
[ 2011-08-28T17:31:15+08:00 ] SQL: SELECT * FROM `think_comment` WHERE status=1 ORDER BY id desc LIMIT 8  [ RunTime:0.003012s ]
[ 2011-08-28T17:31:15+08:00 ] SQL: SHOW COLUMNS FROM `think_tag` [ RunTime:0.018473s ]
[ 2011-08-28T17:31:15+08:00 ] SQL: SELECT id,name,count FROM `think_tag` WHERE module='Blog' ORDER BY count desc LIMIT 0,25  [ RunTime:0.002634s ]
[ 2011-08-28T17:31:15+08:00 ] SQL: SHOW COLUMNS FROM `think_blog` [ RunTime:0.017441s ]
[ 2011-08-28T17:31:15+08:00 ] SQL: SHOW COLUMNS FROM `think_category` [ RunTime:0.012497s ]
[ 2011-08-28T17:31:15+08:00 ] SQL: SELECT COUNT(*) AS tp_count FROM think_blog Blog  JOIN think_category Category ON Blog.categoryId=Category.id WHERE status=1 LIMIT 1  [ RunTime:0.001869s ]
[ 2011-08-28T17:31:15+08:00 ] SQL: SELECT Blog.id AS id,Blog.name AS name,Blog.title AS title,Blog.cTime AS cTime,Blog.categoryId AS categoryId,Blog.content AS content,Blog.readCount AS readCount,Blog.tags AS tags,Blog.commentCount AS commentCount,Blog.status AS status,Category.title AS category FROM think_blog Blog  JOIN think_category Category ON Blog.categoryId=Category.id ORDER BY Blog.cTime desc LIMIT 0,45  [ RunTime:0.002328s ]
[ 2011-08-28T17:31:15+08:00 ] SQL: SHOW COLUMNS FROM `think_blog` [ RunTime:0.016435s ]
[ 2011-08-28T17:31:15+08:00 ] SQL: SELECT MIN(cTime) AS tp_min FROM `think_blog` LIMIT 1  [ RunTime:0.002502s ]
[ 2011-08-28T17:31:15+08:00 ] SQL: SELECT COUNT(*) AS tp_count FROM `think_blog` WHERE status=1 LIMIT 1  [ RunTime:0.002168s ]
[ 2011-08-28T17:31:15+08:00 ] SQL: SELECT SUM(readCount) AS tp_sum FROM `think_blog` WHERE status=1 LIMIT 1  [ RunTime:0.001984s ]
[ 2011-08-28T17:31:15+08:00 ] SQL: SELECT SUM(commentCount) AS tp_sum FROM `think_blog` WHERE status=1 LIMIT 1  [ RunTime:0.001788s ]
[ 2011-08-28T17:31:15+08:00 ] SQL: SHOW COLUMNS FROM `think_blog` [ RunTime:0.017612s ]
[ 2011-08-28T17:31:15+08:00 ] SQL: SELECT COUNT(*) AS tp_count FROM `think_blog` WHERE categoryId='1' LIMIT 1  [ RunTime:0.002392s ]
[ 2011-08-28T17:31:15+08:00 ] SQL: SELECT COUNT(*) AS tp_count FROM `think_blog` WHERE categoryId='2' LIMIT 1  [ RunTime:0.001693s ]
[ 2011-08-28T17:31:15+08:00 ] SQL: SELECT COUNT(*) AS tp_count FROM `think_blog` WHERE categoryId='3' LIMIT 1  [ RunTime:0.001975s ]
[ 2011-08-28T17:31:26+08:00 ] SQL: SHOW COLUMNS FROM `think_category` [ RunTime:0.014540s ]
[ 2011-08-28T17:31:26+08:00 ] SQL: SELECT * FROM `think_category` [ RunTime:0.001436s ]
[ 2011-08-28T17:31:26+08:00 ] SQL: SHOW COLUMNS FROM `think_blog` [ RunTime:0.022655s ]
[ 2011-08-28T17:31:26+08:00 ] SQL: SHOW COLUMNS FROM `think_comment` [ RunTime:0.029871s ]
[ 2011-08-28T17:31:26+08:00 ] SQL: SELECT * FROM `think_blog` WHERE status=1 ORDER BY cTime desc LIMIT 10  [ RunTime:0.002123s ]
[ 2011-08-28T17:31:26+08:00 ] SQL: SELECT * FROM `think_comment` WHERE status=1 ORDER BY id desc LIMIT 8  [ RunTime:0.003728s ]
[ 2011-08-28T17:31:26+08:00 ] SQL: SHOW COLUMNS FROM `think_tag` [ RunTime:0.013766s ]
[ 2011-08-28T17:31:26+08:00 ] SQL: SELECT id,name,count FROM `think_tag` WHERE module='Blog' ORDER BY count desc LIMIT 0,25  [ RunTime:0.003457s ]
[ 2011-08-28T17:31:26+08:00 ] SQL: SHOW COLUMNS FROM `think_blog` [ RunTime:0.017913s ]
[ 2011-08-28T17:31:26+08:00 ] SQL: SHOW COLUMNS FROM `think_category` [ RunTime:0.013482s ]
[ 2011-08-28T17:31:26+08:00 ] SQL: SELECT COUNT(*) AS tp_count FROM think_blog Blog  JOIN think_category Category ON Blog.categoryId=Category.id WHERE status=1 LIMIT 1  [ RunTime:0.003000s ]
[ 2011-08-28T17:31:26+08:00 ] SQL: SELECT Blog.id AS id,Blog.name AS name,Blog.title AS title,Blog.cTime AS cTime,Blog.categoryId AS categoryId,Blog.content AS content,Blog.readCount AS readCount,Blog.tags AS tags,Blog.commentCount AS commentCount,Blog.status AS status,Category.title AS category FROM think_blog Blog  JOIN think_category Category ON Blog.categoryId=Category.id ORDER BY Blog.cTime desc LIMIT 0,8  [ RunTime:0.002915s ]
[ 2011-08-28T17:31:26+08:00 ] SQL: SHOW COLUMNS FROM `think_blog` [ RunTime:0.013143s ]
[ 2011-08-28T17:31:26+08:00 ] SQL: SELECT MIN(cTime) AS tp_min FROM `think_blog` LIMIT 1  [ RunTime:0.001427s ]
[ 2011-08-28T17:31:26+08:00 ] SQL: SELECT COUNT(*) AS tp_count FROM `think_blog` WHERE status=1 LIMIT 1  [ RunTime:0.001106s ]
[ 2011-08-28T17:31:26+08:00 ] SQL: SELECT SUM(readCount) AS tp_sum FROM `think_blog` WHERE status=1 LIMIT 1  [ RunTime:0.002345s ]
[ 2011-08-28T17:31:26+08:00 ] SQL: SELECT SUM(commentCount) AS tp_sum FROM `think_blog` WHERE status=1 LIMIT 1  [ RunTime:0.001495s ]
[ 2011-08-28T17:31:26+08:00 ] SQL: SHOW COLUMNS FROM `think_blog` [ RunTime:0.017663s ]
[ 2011-08-28T17:31:26+08:00 ] SQL: SELECT COUNT(*) AS tp_count FROM `think_blog` WHERE categoryId='1' LIMIT 1  [ RunTime:0.001998s ]
[ 2011-08-28T17:31:26+08:00 ] SQL: SELECT COUNT(*) AS tp_count FROM `think_blog` WHERE categoryId='2' LIMIT 1  [ RunTime:0.002899s ]
[ 2011-08-28T17:31:26+08:00 ] SQL: SELECT COUNT(*) AS tp_count FROM `think_blog` WHERE categoryId='3' LIMIT 1  [ RunTime:0.002533s ]
[ 2011-08-28T17:34:21+08:00 ] SQL: SHOW COLUMNS FROM `think_category` [ RunTime:0.015270s ]
[ 2011-08-28T17:34:21+08:00 ] SQL: SELECT * FROM `think_category` [ RunTime:0.001817s ]
[ 2011-08-28T17:34:21+08:00 ] SQL: SHOW COLUMNS FROM `think_blog` [ RunTime:0.021922s ]
[ 2011-08-28T17:34:21+08:00 ] SQL: SHOW COLUMNS FROM `think_comment` [ RunTime:0.017706s ]
[ 2011-08-28T17:34:21+08:00 ] SQL: SELECT * FROM `think_blog` WHERE status=1 ORDER BY cTime desc LIMIT 10  [ RunTime:0.002570s ]
[ 2011-08-28T17:34:21+08:00 ] SQL: SELECT * FROM `think_comment` WHERE status=1 ORDER BY id desc LIMIT 8  [ RunTime:0.003010s ]
[ 2011-08-28T17:34:21+08:00 ] SQL: SHOW COLUMNS FROM `think_tag` [ RunTime:0.015012s ]
[ 2011-08-28T17:34:21+08:00 ] SQL: SELECT id,name,count FROM `think_tag` WHERE module='Blog' ORDER BY count desc LIMIT 0,25  [ RunTime:0.002085s ]
[ 2011-08-28T17:34:21+08:00 ] SQL: SHOW COLUMNS FROM `think_blog` [ RunTime:0.014218s ]
[ 2011-08-28T17:34:21+08:00 ] SQL: SHOW COLUMNS FROM `think_category` [ RunTime:0.011559s ]
[ 2011-08-28T17:34:21+08:00 ] SQL: SELECT COUNT(*) AS tp_count FROM think_blog Blog  JOIN think_category Category ON Blog.categoryId=Category.id WHERE status=1 LIMIT 1  [ RunTime:0.001954s ]
[ 2011-08-28T17:34:21+08:00 ] SQL: SELECT Blog.id AS id,Blog.name AS name,Blog.title AS title,Blog.cTime AS cTime,Blog.categoryId AS categoryId,Blog.content AS content,Blog.readCount AS readCount,Blog.tags AS tags,Blog.commentCount AS commentCount,Blog.status AS status,Category.title AS category FROM think_blog Blog  JOIN think_category Category ON Blog.categoryId=Category.id ORDER BY Blog.cTime desc LIMIT 0,8  [ RunTime:0.002841s ]
[ 2011-08-28T17:34:21+08:00 ] SQL: SHOW COLUMNS FROM `think_blog` [ RunTime:0.015553s ]
[ 2011-08-28T17:34:21+08:00 ] SQL: SELECT MIN(cTime) AS tp_min FROM `think_blog` LIMIT 1  [ RunTime:0.001783s ]
[ 2011-08-28T17:34:21+08:00 ] SQL: SELECT COUNT(*) AS tp_count FROM `think_blog` WHERE status=1 LIMIT 1  [ RunTime:0.001582s ]
[ 2011-08-28T17:34:21+08:00 ] SQL: SELECT SUM(readCount) AS tp_sum FROM `think_blog` WHERE status=1 LIMIT 1  [ RunTime:0.002069s ]
[ 2011-08-28T17:34:21+08:00 ] SQL: SELECT SUM(commentCount) AS tp_sum FROM `think_blog` WHERE status=1 LIMIT 1  [ RunTime:0.002082s ]
[ 2011-08-28T17:34:22+08:00 ] SQL: SHOW COLUMNS FROM `think_blog` [ RunTime:0.013195s ]
[ 2011-08-28T17:34:22+08:00 ] SQL: SELECT COUNT(*) AS tp_count FROM `think_blog` WHERE categoryId='1' LIMIT 1  [ RunTime:0.002047s ]
[ 2011-08-28T17:34:22+08:00 ] SQL: SELECT COUNT(*) AS tp_count FROM `think_blog` WHERE categoryId='2' LIMIT 1  [ RunTime:0.001809s ]
[ 2011-08-28T17:34:22+08:00 ] SQL: SELECT COUNT(*) AS tp_count FROM `think_blog` WHERE categoryId='3' LIMIT 1  [ RunTime:0.001543s ]
